<?xml version="1.0" encoding="UTF-8"?>
<!-- Generated by org.testng.reporters.JUnitXMLReporter -->
<testsuite hostname="DESKTOP-PC23MV5" ignored="0" name="Default test" tests="9" failures="0" timestamp="02 Feb 2019 17:53:58 GMT" time="228.211" errors="0">
  <testcase name="Test1" time="0.281" classname="PurchaseMoudle.MuhtarsCases"/>
  <testcase name="Test2" time="0.289" classname="PurchaseMoudle.MuhtarsCases"/>
  <testcase name="Test3" time="2.276" classname="PurchaseMoudle.MuhtarsCases"/>
  <testcase name="Test4" time="1.933" classname="PurchaseMoudle.MuhtarsCases"/>
  <testcase name="Test5" time="1.842" classname="PurchaseMoudle.MuhtarsCases"/>
  <testcase name="Test6" time="1.873" classname="PurchaseMoudle.MuhtarsCases"/>
  <testcase name="Test7" time="4.271" classname="PurchaseMoudle.MuhtarsCases"/>
  <testcase name="Test8" time="3.551" classname="PurchaseMoudle.MuhtarsCases"/>
  <testcase name="Test9" time="4.603" classname="PurchaseMoudle.MuhtarsCases"/>
</testsuite> <!-- Default test -->
